C51 COMPILER V9.56.0.0   MAIN                                                              12/21/2019 16:01:50 PAGE 1   


C51 COMPILER V9.56.0.0, COMPILATION OF MODULE MAIN
OBJECT MODULE PLACED IN .\Objects\main.obj
COMPILER INVOKED BY: D:\Keil_v5\C51\BIN\C51.EXE users\main.c OPTIMIZE(8,SPEED) BROWSE DEBUG OBJECTEXTEND PRINT(.\Listing
                    -s\main.lst) TABS(2) OBJECT(.\Objects\main.obj)

line level    source

   1          #include <reg51.h>
   2          #include <intrins.h>
   3          
   4          typedef unsigned char u8;
   5          typedef unsigned int u16;
   6          typedef unsigned short su8;
   7          
   8          u8 c,f;
   9          
  10          void delay(u16 delays)
  11          {
  12   1        u16 a,b;
  13   1        for(a=100;a>0;a--)
  14   1          for(b=delays;b>0;b--);
  15   1      }
  16          
  17          su8 code display_P0[]={                         //P0 Âè£ÊòæÁ§∫ÂÜÖÂÆπ
  18          0xFE,0xFD,0xFB,0xF7,0xEF,0xDF,0xBF,0x7F,           //P0--„ÄãP3ÈÄê‰∏™Â†ÜÁßØÁÇπ‰∫ÆÈÉ®ÂàÜÁöÑP0 ÊµÅÊ∞¥ÁÇπ‰∫Æ
  19          0xFF,0xFF,0xFF,0xFF,0xFF,0xFF,0xFF,0xFF,           //P0  ÂÖ®ÁÅ≠Á≠âÂæÖ
  20          0xFF,0xFF,0xFF,0xFF,0xFF,0xFF,0xFF,0xFF,    
  21          0xFF,0xFF,0xFF,0xFF,0xFF,0xFF,0xFF,0xFF,
  22          
  23          0xFE,0xFD,0xFB,0xF7,0xEF,0xDF,0xBF,0x7F,          
  24          0xFF,0xFF,0xFF,0xFF,0xFF,0xFF,0xFF,0xFF,         
  25          0xFF,0xFF,0xFF,0xFF,0xFF,0xFF,0xFF,0xFF,   
  26          0xFF,0xFF,0xFF,0xFF,0xFF,0xFF,0xFF,
  27          
  28          0xFE,0xFD,0xFB,0xF7,0xEF,0xDF,0xBF,0x7F,          
  29          0xFF,0xFF,0xFF,0xFF,0xFF,0xFF,0xFF,0xFF,          
  30          0xFF,0xFF,0xFF,0xFF,0xFF,0xFF,0xFF,0xFF,           
  31          0xFF,0xFF,0xFF,0xFF,0xFF,0xFF,
  32          
  33          0xFE,0xFD,0xFB,0xF7,0xEF,0xDF,0xBF,0x7F,
  34          0xFF,0xFF,0xFF,0xFF,0xFF,0xFF,0xFF,0xFF,
  35          0xFF,0xFF,0xFF,0xFF,0xFF,0xFF,0xFF,0xFF,
  36          0xFF,0xFF,0xFF,0xFF,0xFF,
  37          
  38          0xFE,0xFD,0xFB,0xF7,0xEF,0xDF,0xBF,0x7F,
  39          0xFF,0xFF,0xFF,0xFF,0xFF,0xFF,0xFF,0xFF,
  40          0xFF,0xFF,0xFF,0xFF,0xFF,0xFF,0xFF,0xFF,
  41          0xFF,0xFF,0xFF,0xFF,
  42          
  43          0xFE,0xFD,0xFB,0xF7,0xEF,0xDF,0xBF,0x7F,
  44          0xFF,0xFF,0xFF,0xFF,0xFF,0xFF,0xFF,0xFF,
  45          0xFF,0xFF,0xFF,0xFF,0xFF,0xFF,0xFF,0xFF,
  46          0xFF,0xFF,0xFF,
  47          
  48          0xFE,0xFD,0xFB,0xF7,0xEF,0xDF,0xBF,0x7F,
  49          0xFF,0xFF,0xFF,0xFF,0xFF,0xFF,0xFF,0xFF,
  50          0xFF,0xFF,0xFF,0xFF,0xFF,0xFF,0xFF,0xFF,
  51          0xFF,0xFF,
  52          
  53          0xFE,0xFD,0xFB,0xF7,0xEF,0xDF,0xBF,0x7F,
  54          0xFF,0xFF,0xFF,0xFF,0xFF,0xFF,0xFF,0xFF,
C51 COMPILER V9.56.0.0   MAIN                                                              12/21/2019 16:01:50 PAGE 2   

  55          0xFF,0xFF,0xFF,0xFF,0xFF,0xFF,0xFF,0xFF,
  56          0xFF,
  57          
  58          0xFE,0xFD,0xFB,0xF7,0xEF,0xDF,0xBF,0x7F,
  59          0xFF,0xFF,0xFF,0xFF,0xFF,0xFF,0xFF,0xFF,
  60          0xFF,0xFF,0xFF,0xFF,0xFF,0xFF,0xFF,0xFF,
  61          
  62          0xFE,0xFD,0xFB,0xF7,0xEF,0xDF,0xBF,0x7F,
  63          0xFF,0xFF,0xFF,0xFF,0xFF,0xFF,0xFF,0xFF,
  64          0xFF,0xFF,0xFF,0xFF,0xFF,0xFF,0xFF,
  65          
  66          0xFE,0xFD,0xFB,0xF7,0xEF,0xDF,0xBF,0x7F,
  67          0xFF,0xFF,0xFF,0xFF,0xFF,0xFF,0xFF,0xFF,
  68          0xFF,0xFF,0xFF,0xFF,0xFF,0xFF,
  69          
  70          0xFE,0xFD,0xFB,0xF7,0xEF,0xDF,0xBF,0x7F,
  71          0xFF,0xFF,0xFF,0xFF,0xFF,0xFF,0xFF,0xFF,
  72          0xFF,0xFF,0xFF,0xFF,0xFF,
  73          
  74          0xFE,0xFD,0xFB,0xF7,0xEF,0xDF,0xBF,0x7F,
  75          0xFF,0xFF,0xFF,0xFF,0xFF,0xFF,0xFF,0xFF,
  76          0xFF,0xFF,0xFF,0xFF,
  77          
  78          0xFE,0xFD,0xFB,0xF7,0xEF,0xDF,0xBF,0x7F,
  79          0xFF,0xFF,0xFF,0xFF,0xFF,0xFF,0xFF,0xFF,
  80          0xFF,0xFF,0xFF,
  81          
  82          0xFE,0xFD,0xFB,0xF7,0xEF,0xDF,0xBF,0x7F,
  83          0xFF,0xFF,0xFF,0xFF,0xFF,0xFF,0xFF,0xFF,
  84          0xFF,0xFF,
  85          
  86          0xFE,0xFD,0xFB,0xF7,0xEF,0xDF,0xBF,0x7F,
  87          0xFF,0xFF,0xFF,0xFF,0xFF,0xFF,0xFF,0xFF,
  88          0xFF,
  89          
  90          0xFE,0xFD,0xFB,0xF7,0xEF,0xDF,0xBF,0x7F,
  91          0xFF,0xFF,0xFF,0xFF,0xFF,0xFF,0xFF,0xFF, 
  92          
  93          0xFE,0xFD,0xFB,0xF7,0xEF,0xDF,0xBF,0x7F,
  94          0xFF,0xFF,0xFF,0xFF,0xFF,0xFF,0xFF,
  95          
  96          0xFE,0xFD,0xFB,0xF7,0xEF,0xDF,0xBF,0x7F,
  97          0xFF,0xFF,0xFF,0xFF,0xFF,0xFF,
  98          
  99          0xFE,0xFD,0xFB,0xF7,0xEF,0xDF,0xBF,0x7F,
 100          0xFF,0xFF,0xFF,0xFF,0xFF,
 101          
 102          0xFE,0xFD,0xFB,0xF7,0xEF,0xDF,0xBF,0x7F,
 103          0xFF,0xFF,0xFF,0xFF,
 104          
 105          0xFE,0xFD,0xFB,0xF7,0xEF,0xDF,0xBF,0x7F,
 106          0xFF,0xFF,0xFF,
 107          
 108          0xFE,0xFD,0xFB,0xF7,0xEF,0xDF,0xBF,0x7F,
 109          0xFF,0xFF,
 110          
 111          0xFE,0xFD,0xFB,0xF7,0xEF,0xDF,0xBF,0x7F,
 112          0xFF,
 113          
 114          0xFE,0xFD,0xFB,0xF7,0xEF,0xDF,0xBF,0x7F,                      //P0--„ÄãP3ÈÄê‰∏™Â†ÜÁßØÁÇπ‰∫ÆÈÉ®ÂàÜÁöÑP0 Â†Ü
             -ÁßØÁÇπ‰∫Æ
 115          0x7E,0x7D,0x7B,0x77,0x6F,0x5F,0x3F,
C51 COMPILER V9.56.0.0   MAIN                                                              12/21/2019 16:01:50 PAGE 3   

 116          0x3E,0x3D,0x3B,0x37,0x2F,0x1F,
 117          0x1E,0x1D,0x1B,0x17,0x0F,
 118          0x0E,0x0D,0x0B,0x07,
 119          0x06,0x05,0x03,
 120          0x02,0x01,
 121          0x00,
 122          
 123          
 124          0xFE,0xFC,0xF8,0xF0,0xE0,0xC0,0x80,0x00,                    //P0--„ÄãP3‰ªé‰∏§ËæπÂà∞‰∏≠Èó¥ÈÄê‰∏™ÁÇπ‰∫ÆÈÉ®Âà
             -ÜÁöÑP0ÈÄê‰∏™ÁÇπ‰∫Æ  
 125          0x00,0x00,0x00,0x00,0x00,0x00,0x00,0x00,                    //P0--„ÄãP3‰ªé‰∏§ËæπÂà∞‰∏≠Èó¥ÈÄê‰∏™ÁÇπ‰∫ÆÈÉ®Âà
             -ÜÁöÑP0ÂÖ®‰∫ÆÁ≠âÂæÖ 
 126          
 127          0x00,0x00,0x00,0x00,0x00,0x00,0x00,0x00,
 128          0x00,0x00,0x00,0x00,0x00,0x00,0x00,0x00,
 129          
 130          0x00,0x00,0x00,0x00,0x00,0x00,0x00,0x00,                   //P0--„ÄãP3‰ªé‰∏§ËæπÂà∞‰∏≠Èó¥ÈÄê‰∏™ÁÜÑÁÅ≠ÈÉ®ÂàÜ
             -ÁöÑP0ÂÖ®‰∫ÆÁ≠âÂæÖ
 131          0x00,0x00,0x00,0x00,0x00,0x00,0x00,0x00,
 132          0x80,0xC0,0xE0,0xF0,0xF8,0xFC,0xFE,0xFF,                   //P0--„ÄãP3‰ªé‰∏§ËæπÂà∞‰∏≠Èó¥ÈÄê‰∏™ÁÜÑÁÅ≠ÈÉ®ÂàÜ
             -ÁöÑP0ÈÄê‰∏™ÁÜÑÁÅ≠
 133          
 134          0xFE,0xFC,0xF8,0xF0,0xE0,0xC0,0x80,0x00,                  //P0--„ÄãP3‰ªéÂ∑¶Âà∞Âè≥ÈÄê‰∏™ÁÇπ‰∫ÆÈÉ®ÂàÜÁöÑP0ÈÄ
             -ê‰∏™ÁÇπ‰∫Æ        
 135          0x00,0x00,0x00,0x00,0x00,0x00,0x00,0x00,                  //P0--„ÄãP3‰ªéÂ∑¶Âà∞Âè≥ÈÄê‰∏™ÁÇπ‰∫ÆÈÉ®ÂàÜÁöÑP0ÂÖ
             -®‰∫ÆÁ≠âÂæÖ
 136          0x00,0x00,0x00,0x00,0x00,0x00,0x00,0x00,
 137          0x00,0x00,0x00,0x00,0x00,0x00,0x00,0x00,
 138                                                                
 139          0x00,0x00,0x00,0x00,0x00,0x00,0x00,0x00,
 140          0x00,0x00,0x00,0x00,0x00,0x00,0x00,0x00,
 141                                         //P0--„ÄãP3‰ªéÂè≥Âà∞Â∑¶ÈÄê‰∏™ÁÜÑÁÅ≠ÈÉ®ÂàÜÁöÑP0ÈÄê‰∏™ÁÜÑÁÅ≠
 142          
 143          };  
 144          
 145          su8 code display_P1[]={
 146          0xFF,0xFF,0xFF,0xFF,0xFF,0xFF,0xFF,0xFF,
 147          0xFE,0xFD,0xFB,0xF7,0xEF,0xDF,0xBF,0x7F,
 148          0xFF,0xFF,0xFF,0xFF,0xFF,0xFF,0xFF,0xFF,
 149          0xFF,0xFF,0xFF,0xFF,0xFF,0xFF,0xFF,0xFF,
 150          0xFF,0xFF,0xFF,0xFF,0xFF,0xFF,0xFF,0xFF,
 151          0xFE,0xFD,0xFB,0xF7,0xEF,0xDF,0xBF,0x7F,
 152          0xFF,0xFF,0xFF,0xFF,0xFF,0xFF,0xFF,0xFF,
 153          0xFF,0xFF,0xFF,0xFF,0xFF,0xFF,0xFF,
 154          0xFF,0xFF,0xFF,0xFF,0xFF,0xFF,0xFF,0xFF,
 155          0xFE,0xFD,0xFB,0xF7,0xEF,0xDF,0xBF,0x7F,
 156          0xFF,0xFF,0xFF,0xFF,0xFF,0xFF,0xFF,0xFF,
 157          0xFF,0xFF,0xFF,0xFF,0xFF,0xFF,
 158          0xFF,0xFF,0xFF,0xFF,0xFF,0xFF,0xFF,0xFF,
 159          0xFE,0xFD,0xFB,0xF7,0xEF,0xDF,0xBF,0x7F,
 160          0xFF,0xFF,0xFF,0xFF,0xFF,0xFF,0xFF,0xFF,
 161          0xFF,0xFF,0xFF,0xFF,0xFF,
 162          0xFF,0xFF,0xFF,0xFF,0xFF,0xFF,0xFF,0xFF,
 163          0xFE,0xFD,0xFB,0xF7,0xEF,0xDF,0xBF,0x7F,
 164          0xFF,0xFF,0xFF,0xFF,0xFF,0xFF,0xFF,0xFF,
 165          0xFF,0xFF,0xFF,0xFF,
 166          0xFF,0xFF,0xFF,0xFF,0xFF,0xFF,0xFF,0xFF,
 167          0xFE,0xFD,0xFB,0xF7,0xEF,0xDF,0xBF,0x7F,
 168          0xFF,0xFF,0xFF,0xFF,0xFF,0xFF,0xFF,0xFF,
 169          0xFF,0xFF,0xFF,
 170          0xFF,0xFF,0xFF,0xFF,0xFF,0xFF,0xFF,0xFF,
 171          0xFE,0xFD,0xFB,0xF7,0xEF,0xDF,0xBF,0x7F,
C51 COMPILER V9.56.0.0   MAIN                                                              12/21/2019 16:01:50 PAGE 4   

 172          0xFF,0xFF,0xFF,0xFF,0xFF,0xFF,0xFF,0xFF,
 173          0xFF,0xFF,
 174          0xFF,0xFF,0xFF,0xFF,0xFF,0xFF,0xFF,0xFF,
 175          0xFE,0xFD,0xFB,0xF7,0xEF,0xDF,0xBF,0x7F,
 176          0xFF,0xFF,0xFF,0xFF,0xFF,0xFF,0xFF,0xFF,
 177          0xFF,
 178          0xFF,0xFF,0xFF,0xFF,0xFF,0xFF,0xFF,0xFF,
 179          0xFE,0xFD,0xFB,0xF7,0xEF,0xDF,0xBF,0x7F,
 180          0xFF,0xFF,0xFF,0xFF,0xFF,0xFF,0xFF,0xFF,
 181          0xFF,0xFF,0xFF,0xFF,0xFF,0xFF,0xFF,0xFF,
 182          0xFE,0xFD,0xFB,0xF7,0xEF,0xDF,0xBF,0x7F,
 183          0xFF,0xFF,0xFF,0xFF,0xFF,0xFF,0xFF,
 184          0xFF,0xFF,0xFF,0xFF,0xFF,0xFF,0xFF,0xFF,
 185          0xFE,0xFD,0xFB,0xF7,0xEF,0xDF,0xBF,0x7F,
 186          0xFF,0xFF,0xFF,0xFF,0xFF,0xFF,
 187          0xFF,0xFF,0xFF,0xFF,0xFF,0xFF,0xFF,0xFF,
 188          0xFE,0xFD,0xFB,0xF7,0xEF,0xDF,0xBF,0x7F,
 189          0xFF,0xFF,0xFF,0xFF,0xFF,
 190          0xFF,0xFF,0xFF,0xFF,0xFF,0xFF,0xFF,0xFF,
 191          0xFE,0xFD,0xFB,0xF7,0xEF,0xDF,0xBF,0x7F,
 192          0xFF,0xFF,0xFF,0xFF,
 193          0xFF,0xFF,0xFF,0xFF,0xFF,0xFF,0xFF,0xFF,
 194          0xFE,0xFD,0xFB,0xF7,0xEF,0xDF,0xBF,0x7F,
 195          0xFF,0xFF,0xFF,
 196          0xFF,0xFF,0xFF,0xFF,0xFF,0xFF,0xFF,0xFF,
 197          0xFE,0xFD,0xFB,0xF7,0xEF,0xDF,0xBF,0x7F,
 198          0xFF,0xFF,
 199          0xFF,0xFF,0xFF,0xFF,0xFF,0xFF,0xFF,0xFF,
 200          0xFE,0xFD,0xFB,0xF7,0xEF,0xDF,0xBF,0x7F,
 201          0xFF,
 202          0xFF,0xFF,0xFF,0xFF,0xFF,0xFF,0xFF,0xFF,
 203          0xFE,0xFD,0xFB,0xF7,0xEF,0xDF,0xBF,0x7F,
 204          0x7F,0x7F,0x7F,0x7F,0x7F,0x7F,0x7F,0x7F,
 205          0x7E,0x7D,0x7B,0x77,0x6F,0x5F,0x3F,
 206          0x3F,0x3F,0x3F,0x3F,0x3F,0x3F,0x3F,0x3F,
 207          0x3E,0x3D,0x3B,0x37,0x2F,0x1F,
 208          0x1F,0x1F,0x1F,0x1F,0x1F,0x1F,0x1F,0x1F,
 209          0x1E,0x1D,0x1B,0x17,0x0F,
 210          0x0F,0x0F,0x0F,0x0F,0x0F,0x0F,0x0F,0x0F,
 211          0x0E,0x0D,0x0B,0x07,
 212          0x07,0x07,0x07,0x07,0x07,0x07,0x07,0x07,
 213          0x06,0x05,0x03,
 214          0x03,0x03,0x03,0x03,0x03,0x03,0x03,0x03,
 215          0x02,0x01,
 216          0x01,0x01,0x01,0x01,0x01,0x01,0x01,0x01,
 217          0x00,
 218          0x00,0x00,0x00,0x00,0x00,0x00,0x00,0x00,
 219          0x00,0x00,0x00,0x00,0x00,0x00,0x00,
 220          0x00,0x00,0x00,0x00,0x00,0x00,
 221          0x00,0x00,0x00,0x00,0x00,
 222          0x00,0x00,0x00,0x00,
 223          0x00,0x00,0x00,
 224          0x00,0x00,
 225          0x00,
 226          
 227          0xFF,0xFF,0xFF,0xFF,0xFF,0xFF,0xFF,0xFF,
 228          0xFE,0xFC,0xF8,0xF0,0xE0,0xC0,0x80,0x00,
 229          
 230          0x00,0x00,0x00,0x00,0x00,0x00,0x00,0x00,
 231          0x00,0x00,0x00,0x00,0x00,0x00,0x00,0x00,
 232          
 233          0x00,0x00,0x00,0x00,0x00,0x00,0x00,0x00,
C51 COMPILER V9.56.0.0   MAIN                                                              12/21/2019 16:01:50 PAGE 5   

 234          0x80,0xC0,0xE0,0xF0,0xF8,0xFC,0xFE,0xFF,
 235          0xFF,0xFF,0xFF,0xFF,0xFF,0xFF,0xFF,0xFF,
 236          
 237          
 238          0xFF,0xFF,0xFF,0xFF,0xFF,0xFF,0xFF,0xFF,
 239          0xFE,0xFC,0xF8,0xF0,0xE0,0xC0,0x80,0x00,
 240          0x00,0x00,0x00,0x00,0x00,0x00,0x00,0x00,
 241          0x00,0x00,0x00,0x00,0x00,0x00,0x00,0x00,
 242          
 243          0x00,0x00,0x00,0x00,0x00,0x00,0x00,0x00,
 244          0x00,0x00,0x00,0x00,0x00,0x00,0x00,0x00,
 245          
 246          };        
 247          
 248          su8 code display_P3[]={
 249          0xFF,0xFF,0xFF,0xFF,0xFF,0xFF,0xFF,0xFF,
 250          0xFF,0xFF,0xFF,0xFF,0xFF,0xFF,0xFF,0xFF,
 251          0xFE,0xFD,0xFB,0xF7,0xEF,0xDF,0xBF,0x7F,
 252          0xFF,0xFF,0xFF,0xFF,0xFF,0xFF,0xFF,0xFF,
 253          0xFF,0xFF,0xFF,0xFF,0xFF,0xFF,0xFF,0xFF,
 254          0xFF,0xFF,0xFF,0xFF,0xFF,0xFF,0xFF,0xFF,
 255          0xFE,0xFD,0xFB,0xF7,0xEF,0xDF,0xBF,0x7F,
 256          0xFF,0xFF,0xFF,0xFF,0xFF,0xFF,0xFF,
 257          0xFF,0xFF,0xFF,0xFF,0xFF,0xFF,0xFF,0xFF,
 258          0xFF,0xFF,0xFF,0xFF,0xFF,0xFF,0xFF,0xFF,
 259          0xFE,0xFD,0xFB,0xF7,0xEF,0xDF,0xBF,0x7F,
 260          0xFF,0xFF,0xFF,0xFF,0xFF,0xFF,
 261          0xFF,0xFF,0xFF,0xFF,0xFF,0xFF,0xFF,0xFF,
 262          0xFF,0xFF,0xFF,0xFF,0xFF,0xFF,0xFF,0xFF,
 263          0xFE,0xFD,0xFB,0xF7,0xEF,0xDF,0xBF,0x7F,
 264          0xFF,0xFF,0xFF,0xFF,0xFF,
 265          0xFF,0xFF,0xFF,0xFF,0xFF,0xFF,0xFF,0xFF,
 266          0xFF,0xFF,0xFF,0xFF,0xFF,0xFF,0xFF,0xFF,
 267          0xFE,0xFD,0xFB,0xF7,0xEF,0xDF,0xBF,0x7F,
 268          0xFF,0xFF,0xFF,0xFF,
 269          0xFF,0xFF,0xFF,0xFF,0xFF,0xFF,0xFF,0xFF,
 270          0xFF,0xFF,0xFF,0xFF,0xFF,0xFF,0xFF,0xFF,
 271          0xFE,0xFD,0xFB,0xF7,0xEF,0xDF,0xBF,0x7F,
 272          0xFF,0xFF,0xFF,
 273          0xFF,0xFF,0xFF,0xFF,0xFF,0xFF,0xFF,0xFF,
 274          0xFF,0xFF,0xFF,0xFF,0xFF,0xFF,0xFF,0xFF,
 275          0xFE,0xFD,0xFB,0xF7,0xEF,0xDF,0xBF,0x7F,
 276          0xFF,0xFF,
 277          0xFF,0xFF,0xFF,0xFF,0xFF,0xFF,0xFF,0xFF,
 278          0xFF,0xFF,0xFF,0xFF,0xFF,0xFF,0xFF,0xFF,
 279          0xFE,0xFD,0xFB,0xF7,0xEF,0xDF,0xBF,0x7F,
 280          0xFF,
 281          0xFF,0xFF,0xFF,0xFF,0xFF,0xFF,0xFF,0xFF,
 282          0xFF,0xFF,0xFF,0xFF,0xFF,0xFF,0xFF,0xFF,
 283          0xFE,0xFD,0xFB,0xF7,0xEF,0xDF,0xBF,0x7F,
 284          0x7F,0x7F,0x7F,0x7F,0x7F,0x7F,0x7F,0x7F,
 285          0x7F,0x7F,0x7F,0x7F,0x7F,0x7F,0x7F,0x7F,
 286          0x7E,0x7D,0x7B,0x77,0x6F,0x5F,0x3F,
 287          0x3F,0x3F,0x3F,0x3F,0x3F,0x3F,0x3F,0x3F,
 288          0x3F,0x3F,0x3F,0x3F,0x3F,0x3F,0x3F,0x3F,
 289          0x3E,0x3D,0x3B,0x37,0x2F,0x1F,
 290          0x1F,0x1F,0x1F,0x1F,0x1F,0x1F,0x1F,0x1F,
 291          0x1F,0x1F,0x1F,0x1F,0x1F,0x1F,0x1F,0x1F,
 292          0x1E,0x1D,0x1B,0x17,0x0F,
 293          0x0F,0x0F,0x0F,0x0F,0x0F,0x0F,0x0F,0x0F,
 294          0x0F,0x0F,0x0F,0x0F,0x0F,0x0F,0x0F,0x0F,
 295          0x0E,0x0D,0x0B,0x07,
C51 COMPILER V9.56.0.0   MAIN                                                              12/21/2019 16:01:50 PAGE 6   

 296          0x07,0x07,0x07,0x07,0x07,0x07,0x07,0x07,
 297          0x07,0x07,0x07,0x07,0x07,0x07,0x07,0x07,
 298          0x06,0x05,0x03,
 299          0x03,0x03,0x03,0x03,0x03,0x03,0x03,0x03,
 300          0x03,0x03,0x03,0x03,0x03,0x03,0x03,0x03,
 301          0x02,0x01,
 302          0x01,0x01,0x01,0x01,0x01,0x01,0x01,0x01,
 303          0x01,0x01,0x01,0x01,0x01,0x01,0x01,0x01,
 304          0x00,
 305          0x00,0x00,0x00,0x00,0x00,0x00,0x00,0x00,
 306          0x00,0x00,0x00,0x00,0x00,0x00,0x00,0x00,
 307          0x00,0x00,0x00,0x00,0x00,0x00,0x00,0x00,
 308          0x00,0x00,0x00,0x00,0x00,0x00,0x00,
 309          0x00,0x00,0x00,0x00,0x00,0x00,0x00,0x00,
 310          0x00,0x00,0x00,0x00,0x00,0x00,
 311          0x00,0x00,0x00,0x00,0x00,0x00,0x00,0x00,
 312          0x00,0x00,0x00,0x00,0x00,
 313          0x00,0x00,0x00,0x00,0x00,0x00,0x00,0x00,
 314          0x00,0x00,0x00,0x00,
 315          0x00,0x00,0x00,0x00,0x00,0x00,0x00,0x00,
 316          0x00,0x00,0x00,
 317          0x00,0x00,0x00,0x00,0x00,0x00,0x00,0x00,
 318          0x00,0x00,
 319          0x00,0x00,0x00,0x00,0x00,0x00,0x00,0x00,
 320          0x00,
 321          0x00,0x00,0x00,0x00,0x00,0x00,0x00,0x00,
 322          0x00,0x00,0x00,0x00,0x00,0x00,0x00,
 323          0x00,0x00,0x00,0x00,0x00,0x00,
 324          0x00,0x00,0x00,0x00,0x00,
 325          0x00,0x00,0x00,0x00,
 326          0x00,0x00,0x00,
 327          0x00,0x00,
 328          0x00,
 329          
 330          0xFF,0xFF,0xFF,0xFF,0xFF,0xFF,0xFF,0xFF,
 331          0x7F,0x3F,0x1F,0x0F,0x07,0x03,0x01,0x00,
 332          
 333          0x00,0x00,0x00,0x00,0x00,0x00,0x00,0x00,
 334          0x00,0x00,0x00,0x00,0x00,0x00,0x00,0x00,
 335          
 336          0x00,0x00,0x00,0x00,0x00,0x00,0x00,0x00,
 337          0x01,0x03,0x07,0x0F,0x1F,0x3F,0x7F,0xFF,
 338          0xFF,0xFF,0xFF,0xFF,0xFF,0xFF,0xFF,0xFF,
 339          
 340          
 341          0xFF,0xFF,0xFF,0xFF,0xFF,0xFF,0xFF,0xFF,
 342          0xFF,0xFF,0xFF,0xFF,0xFF,0xFF,0xFF,0xFF,
 343          0xFE,0xFC,0xF8,0xF0,0xE0,0xC0,0x80,0x00,
 344          0x00,0x00,0x00,0x00,0x00,0x00,0x00,0x00,
 345          
 346          0x00,0x00,0x00,0x00,0x00,0x00,0x00,0x00,
 347          0x00,0x00,0x00,0x00,0x00,0x00,0x00,0x00,
 348          
 349          };
 350          
 351          su8 code display_P2[]={
 352          0xFF,0xFF,0xFF,0xFF,0xFF,0xFF,0xFF,0xFF,
 353          0xFF,0xFF,0xFF,0xFF,0xFF,0xFF,0xFF,0xFF,
 354          0xFF,0xFF,0xFF,0xFF,0xFF,0xFF,0xFF,0xFF,
 355          0xFE,0xFD,0xFB,0xF7,0xEF,0xDF,0xBF,0x7F,
 356          0x7F,0x7F,0x7F,0x7F,0x7F,0x7F,0x7F,0x7F,
 357          0x7F,0x7F,0x7F,0x7F,0x7F,0x7F,0x7F,0x7F,
C51 COMPILER V9.56.0.0   MAIN                                                              12/21/2019 16:01:50 PAGE 7   

 358          0x7F,0x7F,0x7F,0x7F,0x7F,0x7F,0x7F,0x7F,
 359          0x7E,0x7D,0x7B,0x77,0x6F,0x5F,0x3F,
 360          0x3F,0x3F,0x3F,0x3F,0x3F,0x3F,0x3F,0x3F,
 361          0x3F,0x3F,0x3F,0x3F,0x3F,0x3F,0x3F,0x3F,
 362          0x3F,0x3F,0x3F,0x3F,0x3F,0x3F,0x3F,0x3F,
 363          0x3E,0x3D,0x3B,0x37,0x2F,0x1F,
 364          0x1F,0x1F,0x1F,0x1F,0x1F,0x1F,0x1F,0x1F,
 365          0x1F,0x1F,0x1F,0x1F,0x1F,0x1F,0x1F,0x1F,
 366          0x1F,0x1F,0x1F,0x1F,0x1F,0x1F,0x1F,0x1F,
 367          0x1E,0x1D,0x1B,0x17,0x0F,
 368          0x0F,0x0F,0x0F,0x0F,0x0F,0x0F,0x0F,0x0F,
 369          0x0F,0x0F,0x0F,0x0F,0x0F,0x0F,0x0F,0x0F,
 370          0x0F,0x0F,0x0F,0x0F,0x0F,0x0F,0x0F,0x0F,
 371          0x0E,0x0D,0x0B,0x07,
 372          0x07,0x07,0x07,0x07,0x07,0x07,0x07,0x07,
 373          0x07,0x07,0x07,0x07,0x07,0x07,0x07,0x07,
 374          0x07,0x07,0x07,0x07,0x07,0x07,0x07,0x07,
 375          0x06,0x05,0x03,
 376          0x03,0x03,0x03,0x03,0x03,0x03,0x03,0x03,
 377          0x03,0x03,0x03,0x03,0x03,0x03,0x03,0x03,
 378          0x03,0x03,0x03,0x03,0x03,0x03,0x03,0x03,
 379          0x02,0x01,
 380          0x01,0x01,0x01,0x01,0x01,0x01,0x01,0x01,
 381          0x01,0x01,0x01,0x01,0x01,0x01,0x01,0x01,
 382          0x01,0x01,0x01,0x01,0x01,0x01,0x01,0x01,
 383          0x00,
 384          0x00,0x00,0x00,0x00,0x00,0x00,0x00,0x00,
 385          0x00,0x00,0x00,0x00,0x00,0x00,0x00,0x00,
 386          0x00,0x00,0x00,0x00,0x00,0x00,0x00,0x00,
 387          0x00,0x00,0x00,0x00,0x00,0x00,0x00,0x00,
 388          0x00,0x00,0x00,0x00,0x00,0x00,0x00,0x00,
 389          0x00,0x00,0x00,0x00,0x00,0x00,0x00,
 390          0x00,0x00,0x00,0x00,0x00,0x00,0x00,0x00,
 391          0x00,0x00,0x00,0x00,0x00,0x00,0x00,0x00,
 392          0x00,0x00,0x00,0x00,0x00,0x00,
 393          0x00,0x00,0x00,0x00,0x00,0x00,0x00,0x00,
 394          0x00,0x00,0x00,0x00,0x00,0x00,0x00,0x00,
 395          0x00,0x00,0x00,0x00,0x00,
 396          0x00,0x00,0x00,0x00,0x00,0x00,0x00,0x00,
 397          0x00,0x00,0x00,0x00,0x00,0x00,0x00,0x00,
 398          0x00,0x00,0x00,0x00,
 399          0x00,0x00,0x00,0x00,0x00,0x00,0x00,0x00,
 400          0x00,0x00,0x00,0x00,0x00,0x00,0x00,0x00,
 401          0x00,0x00,0x00,
 402          0x00,0x00,0x00,0x00,0x00,0x00,0x00,0x00,
 403          0x00,0x00,0x00,0x00,0x00,0x00,0x00,0x00,
 404          0x00,0x00,
 405          0x00,0x00,0x00,0x00,0x00,0x00,0x00,0x00,
 406          0x00,0x00,0x00,0x00,0x00,0x00,0x00,0x00,
 407          0x00,
 408          0x00,0x00,0x00,0x00,0x00,0x00,0x00,0x00,
 409          0x00,0x00,0x00,0x00,0x00,0x00,0x00,0x00,
 410          0x00,0x00,0x00,0x00,0x00,0x00,0x00,0x00,
 411          0x00,0x00,0x00,0x00,0x00,0x00,0x00,
 412          0x00,0x00,0x00,0x00,0x00,0x00,0x00,0x00,
 413          0x00,0x00,0x00,0x00,0x00,0x00,
 414          0x00,0x00,0x00,0x00,0x00,0x00,0x00,0x00,
 415          0x00,0x00,0x00,0x00,0x00,
 416          0x00,0x00,0x00,0x00,0x00,0x00,0x00,0x00,
 417          0x00,0x00,0x00,0x00,
 418          0x00,0x00,0x00,0x00,0x00,0x00,0x00,0x00,
 419          0x00,0x00,0x00,
C51 COMPILER V9.56.0.0   MAIN                                                              12/21/2019 16:01:50 PAGE 8   

 420          0x00,0x00,0x00,0x00,0x00,0x00,0x00,0x00,
 421          0x00,0x00,
 422          0x00,0x00,0x00,0x00,0x00,0x00,0x00,0x00,
 423          0x00,
 424          0x00,0x00,0x00,0x00,0x00,0x00,0x00,0x00,
 425          0x00,0x00,0x00,0x00,0x00,0x00,0x00,
 426          0x00,0x00,0x00,0x00,0x00,0x00,
 427          0x00,0x00,0x00,0x00,0x00,
 428          0x00,0x00,0x00,0x00,
 429          0x00,0x00,0x00,
 430          0x00,0x00,
 431          0x00,
 432          
 433          0x7F,0x3F,0x1F,0x0F,0x07,0x03,0x01,0x00,
 434          0x00,0x00,0x00,0x00,0x00,0x00,0x00,0x00,
 435          
 436          0x00,0x00,0x00,0x00,0x00,0x00,0x00,0x00,
 437          0x00,0x00,0x00,0x00,0x00,0x00,0x00,0x00,
 438          
 439          0x00,0x00,0x00,0x00,0x00,0x00,0x00,0x00,
 440          0x00,0x00,0x00,0x00,0x00,0x00,0x00,0x00,
 441          0x01,0x03,0x07,0x0F,0x1F,0x3F,0x7F,0xFF,
 442          
 443          0xFF,0xFF,0xFF,0xFF,0xFF,0xFF,0xFF,0xFF,
 444          0xFF,0xFF,0xFF,0xFF,0xFF,0xFF,0xFF,0xFF,
 445          0xFF,0xFF,0xFF,0xFF,0xFF,0xFF,0xFF,0xFF,
 446          0xFE,0xFC,0xF8,0xF0,0xE0,0xC0,0x80,0x00,
 447          
 448          0x00,0x00,0x00,0x00,0x00,0x00,0x00,0x00,
 449          0x00,0x00,0x00,0x00,0x00,0x00,0x00,0x00,
 450          
 451          };
 452          
 453          
 454          void StartLed(u8 time)
 455          {//ÂàùÂßãÂåñ‰∏Ä‰∏ã
 456   1        P0 = 0x00;
 457   1        P1 = 0x00;
 458   1        P2 = 0x00;
 459   1        P3 = 0x00;
 460   1        delay(time);
 461   1        P0 = 0xff;
 462   1        P1 = 0xff;
 463   1        P2 = 0xff;
 464   1        P3 = 0xff;
 465   1        delay(time);
 466   1        P0 = 0x00;
 467   1        P1 = 0x00;
 468   1        P2 = 0x00;
 469   1        P3 = 0x00;
 470   1        delay(time);
 471   1        P0 = 0xff;
 472   1        P1 = 0xff;
 473   1        P2 = 0xff;
 474   1        P3 = 0xff;
 475   1      }
 476          
 477          void showOne(u8 time){
 478   1        su8 i;
 479   1        
 480   1        for(i=0;i<2;i++)
 481   1        {
C51 COMPILER V9.56.0.0   MAIN                                                              12/21/2019 16:01:50 PAGE 9   

 482   2          P1=0X7F;//P1  P3
 483   2          P3=0XFE;
 484   2          delay(time);
 485   2          P1=0XBF;
 486   2          P3=0XFD;
 487   2          delay(time);
 488   2          P1=0XDF;
 489   2          P3=0XFB;
 490   2          delay(time);
 491   2          P1=0XEF;
 492   2          P3=0XF7;
 493   2          delay(time);
 494   2          P1=0XF7;
 495   2          P3=0XEF;
 496   2          delay(time);
 497   2          P1=0XFB;
 498   2          P3=0XDF;
 499   2          delay(time);
 500   2          P1=0XFD;
 501   2          P3=0XBF;
 502   2          delay(time);
 503   2          P1=0XFE;
 504   2          P3=0X7F;
 505   2          delay(time);
 506   2          P1=0XFF;
 507   2          P3=0XFF;
 508   2          
 509   2          P2=0XFE;//P2
 510   2          P0=0X7F;
 511   2          delay(time);
 512   2          P2=0XFD;
 513   2          P0=0XBF;
 514   2          delay(time);
 515   2          P2=0XFB;
 516   2          P0=0XDF;
 517   2          delay(time);
 518   2          P2=0XF7;
 519   2          P0=0XEF;
 520   2          delay(time);
 521   2          P2=0XEF;
 522   2          P0=0XF7;
 523   2          delay(time);
 524   2          P2=0XDF;
 525   2          P0=0XFB;
 526   2          delay(time);
 527   2          P2=0XBF;
 528   2          P0=0XFD;
 529   2          delay(time);
 530   2          P2=0X7F;
 531   2          P0=0XFE;
 532   2          delay(time);
 533   2          P2=0XFF;
 534   2          P0=0XFF;
 535   2        }
 536   1        
 537   1        P0=0XFE;
 538   1        P2=0X7F;
 539   1        delay(time);
 540   1        P0=0XFD;
 541   1        P2=0XBF;
 542   1        delay(time);
 543   1        P0=0XFB;
C51 COMPILER V9.56.0.0   MAIN                                                              12/21/2019 16:01:50 PAGE 10  

 544   1        P2=0XDF;
 545   1        delay(time);
 546   1        P0=0XF7;
 547   1        P2=0XEF;
 548   1        delay(time);
 549   1        P0=0XEF;
 550   1        P2=0XF7;
 551   1        delay(time);
 552   1        P0=0XDF;
 553   1        P2=0XFB;
 554   1        delay(time);
 555   1        P0=0XBF;
 556   1        P2=0XFD;
 557   1        delay(time);
 558   1        P0=0X7F;
 559   1        P2=0XFE;
 560   1        delay(time);
 561   1        P0=0XFF;
 562   1        P2=0XFF;
 563   1        
 564   1        P1=0XFE;
 565   1        P3=0X7F;
 566   1        delay(time);
 567   1        P1=0XFD;
 568   1        P3=0XBF;
 569   1        delay(time);
 570   1        P1=0XFB;
 571   1        P3=0XDF;
 572   1        delay(time);
 573   1        P1=0XF7;
 574   1        P3=0XEF;
 575   1        delay(time);
 576   1        P1=0XEF;
 577   1        P3=0XF7;
 578   1        delay(time);
 579   1        P1=0XDF;
 580   1        P3=0XFB;
 581   1        delay(time);
 582   1        P1=0XBF;
 583   1        P3=0XFD;
 584   1        delay(time);
 585   1        P1=0X7F;
 586   1        P3=0XFE;
 587   1        delay(time);
 588   1        P1=0XFF;
 589   1        P3=0XFF;
 590   1        
 591   1      }
 592          
 593          void showTwo(u8 time){
 594   1        
 595   1        su8 i;
 596   1        for(i=3;i>0;i--)
 597   1        {
 598   2          P0=0x00;
 599   2          P1=0x00;
 600   2          P2=0x00;
 601   2          P3=0x00;
 602   2          delay(time);
 603   2          P0=0xFF;
 604   2          P1=0xFF;
 605   2          P2=0xFF;
C51 COMPILER V9.56.0.0   MAIN                                                              12/21/2019 16:01:50 PAGE 11  

 606   2          P3=0xFF;
 607   2          delay(time);
 608   2        }
 609   1      }
 610          
 611          void showThree(u8 time){
 612   1        su8 i;
 613   1        for(i=3;i>0;i--)
 614   1        {
 615   2          P1=0X7F;
 616   2          P2=0X7F;
 617   2          P3=0XFE;
 618   2          P0=0XFE;
 619   2          delay(time);
 620   2          P1=0XBF;
 621   2          P2=0XBF;
 622   2          P3=0XFD;
 623   2          P0=0XFD;
 624   2          delay(time);  
 625   2          P1=0XDF;
 626   2          P2=0XDF;
 627   2          P3=0XFB;
 628   2          P0=0XFB;
 629   2          delay(time);  
 630   2          P1=0XEF;
 631   2          P2=0XEF;
 632   2          P3=0XF7;
 633   2          P0=0XF7;
 634   2          delay(time);  
 635   2          P1=0XF7;
 636   2          P2=0XF7;
 637   2          P3=0XEF;
 638   2          P0=0XEF;
 639   2          delay(time);      
 640   2          P1=0XFB;
 641   2          P2=0XFB;
 642   2          P3=0XDF;
 643   2          P0=0XDF;
 644   2          delay(time);  
 645   2          P1=0XFD;
 646   2          P2=0XFD;
 647   2          P3=0XBF;
 648   2          P0=0XBF;
 649   2          delay(time);  
 650   2          P1=0XFE;
 651   2          P2=0XFE;
 652   2          P3=0X7F;
 653   2          P0=0X7F;
 654   2          delay(time);    
 655   2            
 656   2          P1=0XFD;
 657   2          P2=0XFD;
 658   2          P3=0XBF;
 659   2          P0=0XBF;
 660   2          delay(time);  
 661   2          P1=0XFB;
 662   2          P2=0XFB;
 663   2          P3=0XDF;
 664   2          P0=0XDF;
 665   2          delay(time);
 666   2          P1=0XF7;
 667   2          P2=0XF7;
C51 COMPILER V9.56.0.0   MAIN                                                              12/21/2019 16:01:50 PAGE 12  

 668   2          P3=0XEF;
 669   2          P0=0XEF;
 670   2          delay(time);  
 671   2          P1=0XEF;
 672   2          P2=0XEF;
 673   2          P3=0XF7;
 674   2          P0=0XF7;
 675   2          delay(time);    
 676   2          P1=0XDF;
 677   2          P2=0XDF;
 678   2          P3=0XFB;
 679   2          P0=0XFB;
 680   2          delay(time);  
 681   2          P1=0XBF;
 682   2          P2=0XBF;
 683   2          P3=0XFD;
 684   2          P0=0XFD;
 685   2          delay(time);  
 686   2          P1=0X7F;
 687   2          P2=0X7F;
 688   2          P3=0XFE;
 689   2          P0=0XFE;
 690   2          delay(time);
 691   2          P0=0XFF;
 692   2          P1=0XFF;
 693   2          P2=0XFF;
 694   2          P3=0XFF;
 695   2        }
 696   1      }
 697          
 698          void showFour(u8 time){
 699   1        su8 i;
 700   1        for(i=0;i <620; i++)      
 701   1          {     
 702   2              P0 =display_P0[i];
 703   2              P1 =display_P1[i];
 704   2              P2 =display_P2[i];
 705   2              P3 =display_P3[i];
 706   2              delay(time);
 707   2          }
 708   1      }
 709          
 710          void showFive(u8 time){
 711   1        su8 i,j;
 712   1        for(j=2;j>0;j--)
 713   1        {
 714   2          P0=0XFC;
 715   2          P1=0XFC;
 716   2          P2=0XFC;
 717   2          P3=0XFC;
 718   2          for(i=0; i<7; i++)
 719   2          {
 720   3            P0 = (P0<<1)|0x01;
 721   3            P1 = (P1<<1)|0x01;
 722   3            P2 = (P2<<1)|0x01;
 723   3            P3 = (P3<<1)|0x01;
 724   3            delay(time);
 725   3          }
 726   2        
 727   2          P0=0X3F;
 728   2          P1=0X3F;
 729   2          P2=0X3F;
C51 COMPILER V9.56.0.0   MAIN                                                              12/21/2019 16:01:50 PAGE 13  

 730   2          P3=0X3F;  
 731   2          for(i=0; i<7; i++)
 732   2          {
 733   3            P0 = (P0>>1)|0x80;
 734   3            P1 = (P1>>1)|0x80;
 735   3            P2 = (P2>>1)|0x80;
 736   3            P3 = (P3>>1)|0x80;
 737   3            delay(time);
 738   3          } 
 739   2        }
 740   1        P0=0X3F;
 741   1        P1=0X3F;
 742   1        P2=0X3F;
 743   1        P3=0X3F;
 744   1      }
 745          
 746          void showSix(u8 time,su8 a){
 747   1        su8 i,x;
 748   1        
 749   1        for(x=0;x<a;x++)
 750   1        {
 751   2            for(i=0;i<=8;i++)
 752   2          {
 753   3            P1=0xff>>i;
 754   3            P3=0xff<<i;
 755   3            delay(time);
 756   3          }
 757   2          
 758   2          for(i=0;i<=8;i++)
 759   2          {
 760   3            P0=0xff>>i;
 761   3            P2=0xff<<i;
 762   3            delay(time);
 763   3          }
 764   2          
 765   2          for(i=0;i<=8;i++)
 766   2          {
 767   3            P1=~(0xff>>i);
 768   3            P3=~(0xff<<i);
 769   3            delay(time);
 770   3          }
 771   2          
 772   2          for(i=0;i<=8;i++)
 773   2          {
 774   3            P0=~(0xff>>i);
 775   3            P2=~(0xff<<i);
 776   3            delay(time);
 777   3          }
 778   2      
 779   2        }
 780   1        
 781   1        P1=0XFF;
 782   1        P3=0XFF;  
 783   1        P2=0XFF;
 784   1        P0=0XFF;    
 785   1      }
 786          
 787          void showSeven(u8 time)
 788          {
 789   1        su8 i;
 790   1        for(i=4;i>0;i--)
 791   1        {
C51 COMPILER V9.56.0.0   MAIN                                                              12/21/2019 16:01:50 PAGE 14  

 792   2          P3=0X00;
 793   2          P1=0X00;
 794   2          P2=0XFF;
 795   2          P0=0XFF;
 796   2          delay(time);
 797   2          P3=0XFF;
 798   2          P1=0XFF;
 799   2          P2=0X00;
 800   2          P0=0X00;
 801   2          delay(time);
 802   2        }
 803   1      
 804   1        for(i=4;i>0;i--)
 805   1        {
 806   2          P3=0X00;
 807   2          P1=0XFF;
 808   2          P2=0X00;
 809   2          P0=0XFF;
 810   2          delay(time);
 811   2          P3=0XFF;
 812   2          P1=0X00;
 813   2          P2=0XFF;
 814   2          P0=0X00;
 815   2          delay(time);
 816   2        }
 817   1        P0=0X3F;
 818   1        P1=0X3F;
 819   1        P2=0X3F;
 820   1        P3=0X3F;
 821   1      }
 822          void showEight(u8 time)
 823          {
 824   1        //ÈÄÜ
 825   1        su8 i;
 826   1        for(i=0;i<3;i++)
 827   1        {
 828   2          P0=0XFE;
 829   2          delay(time);
 830   2          P0=0XFD;
 831   2          delay(time);
 832   2          P0=0XFB;
 833   2          delay(time);
 834   2          P0=0XF7;
 835   2          delay(time);
 836   2          P0=0XEF;
 837   2          delay(time);
 838   2          P0=0XDF;
 839   2          delay(time);
 840   2          P0=0XBF;
 841   2          delay(time);
 842   2          P0=0X7F;
 843   2          delay(time);
 844   2          P0=0XFF;
 845   2          
 846   2          P1=0XFE;
 847   2          delay(time);
 848   2          P1=0XFD;
 849   2          delay(time);
 850   2          P1=0XFB;
 851   2          delay(time);
 852   2          P1=0XF7;
 853   2          delay(time);
C51 COMPILER V9.56.0.0   MAIN                                                              12/21/2019 16:01:50 PAGE 15  

 854   2          P1=0XEF;
 855   2          delay(time);
 856   2          P1=0XDF;
 857   2          delay(time);
 858   2          P1=0XBF;
 859   2          delay(time);
 860   2          P1=0X7F;
 861   2          delay(time);
 862   2          P1=0XFF;
 863   2          
 864   2          P3=0XFE;
 865   2          delay(time);
 866   2          P3=0XFD;
 867   2          delay(time);
 868   2          P3=0XFB;
 869   2          delay(time);
 870   2          P3=0XF7;
 871   2          delay(time);
 872   2          P3=0XEF;
 873   2          delay(time);
 874   2          P3=0XDF;
 875   2          delay(time);
 876   2          P3=0XBF;
 877   2          delay(time);
 878   2          P3=0X7F;
 879   2          delay(time);
 880   2          P3=0XFF;
 881   2          
 882   2          P2=0XFE;
 883   2          delay(time);
 884   2          P2=0XFD;
 885   2          delay(time);
 886   2          P2=0XFB;
 887   2          delay(time);
 888   2          P2=0XF7;
 889   2          delay(time);
 890   2          P2=0XEF;
 891   2          delay(time);
 892   2          P2=0XDF;
 893   2          delay(time);
 894   2          P2=0XBF;
 895   2          delay(time);
 896   2          P2=0X7F;
 897   2          delay(time);
 898   2          P2=0XFF;
 899   2        }
 900   1        
 901   1      }
 902          
 903          
 904          void showOnes(u8 time ,u8 a){
 905   1        u8 aa,bb,cc,dd;
 906   1        
 907   1        for (f=a;f>0;f--)
 908   1        {
 909   2          c = 6;
 910   2          aa = 0xee;
 911   2          bb = 0xee;
 912   2          cc = 0xee;
 913   2          dd = 0xee;
 914   2          while (c--)
 915   2          {
C51 COMPILER V9.56.0.0   MAIN                                                              12/21/2019 16:01:50 PAGE 16  

 916   3            P1 = aa;
 917   3            P3 = bb;
 918   3            P0 = cc;
 919   3            P2 = dd;
 920   3            aa = _crol_(aa,1);
 921   3            bb = _crol_(bb,1);
 922   3            cc = _crol_(cc,1);
 923   3            dd = _crol_(dd,1);  
 924   3            delay (time);
 925   3          } 
 926   2          c = 6;
 927   2          aa = 0xaa;
 928   2          bb = 0xaa;
 929   2          cc = 0xaa;
 930   2          dd = 0xaa;
 931   2          while (c--)
 932   2          {
 933   3            P1 = aa;
 934   3            P3 = bb;
 935   3            P0 = cc;
 936   3            P2 = dd;
 937   3            aa = _crol_(aa,1);
 938   3            bb = _crol_(bb,1);
 939   3            cc = _crol_(cc,1);
 940   3            dd = _crol_(dd,1);  
 941   3            delay (time);
 942   3          }
 943   2        }
 944   1        P0 = 0xff;
 945   1        P1 = 0xff;
 946   1        P2 = 0xff;
 947   1        P3 = 0xff;
 948   1        
 949   1      }
 950          
 951          void showTwos(u8 time){
 952   1        su8 i;
 953   1        for(i=0;i<6;i++)
 954   1        {
 955   2          P1=0X00;
 956   2          P2=0X00;
 957   2          P0=0XFF;
 958   2          P3=0XFF;
 959   2          delay(time);  
 960   2          P1=0XFF;
 961   2          P2=0XFF;
 962   2          P0=0X00;
 963   2          P3=0X00;
 964   2          delay(time);  
 965   2        }
 966   1        P1=0XFF;
 967   1        P2=0XFF;
 968   1        P0=0XFF;
 969   1        P3=0XFF;
 970   1      
 971   1      }
 972          void showThrees(u8 time){
 973   1        su8 i;
 974   1        for(i=0;i<5;i++)
 975   1        {
 976   2          P1=0X55;
 977   2          P2=0X55;
C51 COMPILER V9.56.0.0   MAIN                                                              12/21/2019 16:01:50 PAGE 17  

 978   2          P0=0X55;
 979   2          P3=0X55;
 980   2          delay(time);  
 981   2          P1=0XAA;
 982   2          P2=0XAA;
 983   2          P0=0XAA;
 984   2          P3=0XAA;
 985   2          delay(time);  
 986   2        }
 987   1        P1=0XFF;
 988   1        P2=0XFF;
 989   1        P0=0XFF;
 990   1        P3=0XFF;
 991   1      }
 992          
 993          void showFours(u8 time, u8 a){
 994   1        su8 i;
 995   1        for(i=a;i>0;i--)
 996   1        {
 997   2          P3=0X00;
 998   2          P2=0X00;
 999   2          P1=0X00;
1000   2          P0=0X00;
1001   2          delay(time);
1002   2          P3=0XFF;
1003   2          P2=0XFF;
1004   2          P1=0XFF;
1005   2          P0=0XFF;
1006   2          delay(time);  
1007   2        }
1008   1        P3=0XFF;
1009   1        P2=0XFF;
1010   1        P1=0XFF;
1011   1        P0=0XFF;
1012   1      }
1013          void showFives(u8 time,u8 a){
1014   1        u8 aa,bb,cc,dd;
1015   1        for (f=a;f>0;f--)
1016   1        {
1017   2          c = 6;
1018   2          aa = 0xee;
1019   2          bb = 0xee;
1020   2          cc = 0xee;
1021   2          dd = 0xee;
1022   2          while (c--)
1023   2          {
1024   3            P1 = aa;
1025   3            P3 = bb;
1026   3            P0 = cc;
1027   3            P2 = dd;
1028   3            aa = _cror_(aa,1);
1029   3            bb = _cror_(bb,1);
1030   3            cc = _cror_(cc,1);
1031   3            dd = _cror_(dd,1);  
1032   3            delay (time);
1033   3          } 
1034   2          c = 6;
1035   2          aa = 0xaa;
1036   2          bb = 0xaa;
1037   2          cc = 0xaa;
1038   2          dd = 0xaa;
1039   2          while (c--)
C51 COMPILER V9.56.0.0   MAIN                                                              12/21/2019 16:01:50 PAGE 18  

1040   2          {
1041   3            P1 = aa;
1042   3            P3 = bb;
1043   3            P0 = cc;
1044   3            P2 = dd;
1045   3            aa = _cror_(aa,1);
1046   3            bb = _cror_(bb,1);
1047   3            cc = _cror_(cc,1);
1048   3            dd = _cror_(dd,1);  
1049   3            delay (time);
1050   3          }
1051   2        }
1052   1        P0 = 0xff;
1053   1          P1 = 0xff;
1054   1          P2 = 0xff;
1055   1          P3 = 0xff;    
1056   1      }
1057            
1058          
1059          void main()
1060          {
1061   1        
1062   1        StartLed(100);
1063   1        delay(1200);
1064   1        
1065   1        //‰ªéËøôÈáåÂºÄÂßã
1066   1        while(1)
1067   1        {
1068   2          showOne(70);//Ê†∑Âºè‰∏Ä
1069   2          showTwo(100);
1070   2          showThree(100);
1071   2          showOnes(150,3);//ÁâπÊÆäÊ†∑Âºè1
1072   2          showFive(100);
1073   2          showSix(40,3);
1074   2          showSeven(200);
1075   2          
1076   2          
1077   2          showTwos(70);//ÁâπÊÆäÊ†∑Âºè2
1078   2          
1079   2          showOne(70);
1080   2          showThree(100);
1081   2          
1082   2          showThrees(100);//ÁâπÊÆäÊ†∑Âºè3
1083   2          
1084   2          showFours(30,10);//ÁâπÊÆäÊ†∑Âºè4
1085   2          showFives(50,5);//ÁâπÊÆäÊ†∑Âºè5
1086   2          showFours(30,5);//ÁâπÊÆäÊ†∑Âºè4
1087   2          
1088   2          showSix(40,2);
1089   2          delay(50);
1090   2          
1091   2          showEight(10);
1092   2          showEight(5);
1093   2          showEight(5);
1094   2          showEight(2);
1095   2          showEight(2);
1096   2          showEight(1);
1097   2          showEight(1);
1098   2          showEight(1);
1099   2          
1100   2          delay(50);
1101   2          showTwos(70);//ÁâπÊÆäÊ†∑Âºè2
C51 COMPILER V9.56.0.0   MAIN                                                              12/21/2019 16:01:50 PAGE 19  

1102   2          showFours(80,5);
1103   2          delay(30);
1104   2          showFour(30); //Êï∞ÁªÑË∞ÉÁî®
1105   2          showTwos(70);//ÁâπÊÆäÊ†∑Âºè2
1106   2          showThrees(100);//ÁâπÊÆäÊ†∑Âºè3
1107   2          
1108   2          P0 = 0xff;//ÂÖ®ÈÉ®ÁÜÑÁÅØ
1109   2          P1 = 0xff;
1110   2          P2 = 0xff;
1111   2          P3 = 0xff;
1112   2          delay(50);
1113   2          
1114   2        }
1115   1      }
1116          
1117          


MODULE INFORMATION:   STATIC OVERLAYABLE
   CODE SIZE        =   2539    ----
   CONSTANT SIZE    =   5056    ----
   XDATA SIZE       =   ----    ----
   PDATA SIZE       =   ----    ----
   DATA SIZE        =      2      16
   IDATA SIZE       =   ----    ----
   BIT SIZE         =   ----    ----
END OF MODULE INFORMATION.


C51 COMPILATION COMPLETE.  0 WARNING(S),  0 ERROR(S)
